День: Произошло исключение DrunkError. Карма осталась на уровне 2
День: Произошло исключение CarCrashError. Карма осталась на уровне 27
День: Произошло исключение DrunkError. Карма осталась на уровне 70
День: Произошло исключение GluttonyError. Карма осталась на уровне 163
День: Произошло исключение KillError. Карма осталась на уровне 167
День: Произошло исключение CarCrashError. Карма осталась на уровне 208
День: Произошло исключение GluttonyError. Карма осталась на уровне 234
День: Произошло исключение GluttonyError. Карма осталась на уровне 238
День: Произошло исключение DrunkError. Карма осталась на уровне 350
День: Произошло исключение GluttonyError. Карма осталась на уровне 434
День: Произошло исключение DrunkError. Карма осталась на уровне 473
День: Произошло исключение KillError. Карма осталась на уровне 0
День: Произошло исключение KillError. Карма осталась на уровне 5
День: Произошло исключение DrunkError. Карма осталась на уровне 12
День: Произошло исключение GluttonyError. Карма осталась на уровне 22
День: Произошло исключение KillError. Карма осталась на уровне 35
День: Произошло исключение CarCrashError. Карма осталась на уровне 54
День: Произошло исключение DrunkError. Карма осталась на уровне 65
День: Произошло исключение GluttonyError. Карма осталась на уровне 75
День: Произошло исключение KillError. Карма осталась на уровне 129
День: Произошло исключение KillError. Карма осталась на уровне 136
День: Произошло исключение DepressionError. Карма осталась на уровне 151
День: Произошло исключение KillError. Карма осталась на уровне 157
День: Произошло исключение DepressionError. Карма осталась на уровне 179
День: Произошло исключение KillError. Карма осталась на уровне 225
День: Произошло исключение CarCrashError. Карма осталась на уровне 240
День: Произошло исключение KillError. Карма осталась на уровне 262
День: Произошло исключение KillError. Карма осталась на уровне 274
День: Произошло исключение DepressionError. Карма осталась на уровне 300
День: Произошло исключение CarCrashError. Карма осталась на уровне 324
День: Произошло исключение KillError. Карма осталась на уровне 404
День: Произошло исключение GluttonyError. Карма осталась на уровне 420
День: Произошло исключение DepressionError. Карма осталась на уровне 459
День: Произошло исключение KillError. Карма осталась на уровне 487
